
Mon Oct 07 2024 17:06:02 GMT+0100 (Irish Standard Time) -- Binary semantic version is v8.2.1
Mon Oct 07 2024 17:06:02 GMT+0100 (Irish Standard Time) -- Setting output as extra verbose with request parsing
Mon Oct 07 2024 17:06:04 GMT+0100 (Irish Standard Time) -- [SUCCESS] You can now access your local server(s) in our remote browser

Mon Oct 07 2024 17:06:04 GMT+0100 (Irish Standard Time) -- Connecting to BrowserStack using WebSocket protocol...
Mon Oct 07 2024 17:06:04 GMT+0100 (Irish Standard Time) -- Platform supports WebSocket connections.

Mon Oct 07 2024 17:06:06 GMT+0100 (Irish Standard Time) -- Connecting to BrowserStack using WebSocket protocol...
Mon Oct 07 2024 17:06:06 GMT+0100 (Irish Standard Time) -- Platform supports WebSocket connections.

Mon Oct 07 2024 17:06:06 GMT+0100 (Irish Standard Time) -- Connecting to BrowserStack using WebSocket protocol...
Mon Oct 07 2024 17:06:06 GMT+0100 (Irish Standard Time) -- Platform supports WebSocket connections.

Mon Oct 07 2024 17:06:06 GMT+0100 (Irish Standard Time) -- Connecting to BrowserStack using WebSocket protocol...
Mon Oct 07 2024 17:06:06 GMT+0100 (Irish Standard Time) -- Platform supports WebSocket connections.

Mon Oct 07 2024 17:06:07 GMT+0100 (Irish Standard Time) -- Connecting to BrowserStack using WebSocket protocol...
Mon Oct 07 2024 17:06:07 GMT+0100 (Irish Standard Time) -- Platform supports WebSocket connections.

Mon Oct 07 2024 17:06:07 GMT+0100 (Irish Standard Time) -- Connecting to BrowserStack using WebSocket protocol...
Mon Oct 07 2024 17:06:07 GMT+0100 (Irish Standard Time) -- Platform supports WebSocket connections.

Mon Oct 07 2024 17:06:07 GMT+0100 (Irish Standard Time) -- Press Ctrl-C to exit



Mon Oct 07 2024 17:08:11 GMT+0100 (Irish Standard Time) -- Binary semantic version is v8.2.1
Mon Oct 07 2024 17:08:11 GMT+0100 (Irish Standard Time) -- Setting output as extra verbose with request parsing
Mon Oct 07 2024 17:08:12 GMT+0100 (Irish Standard Time) -- [SUCCESS] You can now access your local server(s) in our remote browser

Mon Oct 07 2024 17:08:12 GMT+0100 (Irish Standard Time) -- Connecting to BrowserStack using WebSocket protocol...
Mon Oct 07 2024 17:08:12 GMT+0100 (Irish Standard Time) -- Platform supports WebSocket connections.

Mon Oct 07 2024 17:08:14 GMT+0100 (Irish Standard Time) -- Connecting to BrowserStack using WebSocket protocol...
Mon Oct 07 2024 17:08:14 GMT+0100 (Irish Standard Time) -- Platform supports WebSocket connections.

Mon Oct 07 2024 17:08:14 GMT+0100 (Irish Standard Time) -- Connecting to BrowserStack using WebSocket protocol...
Mon Oct 07 2024 17:08:14 GMT+0100 (Irish Standard Time) -- Platform supports WebSocket connections.

Mon Oct 07 2024 17:08:15 GMT+0100 (Irish Standard Time) -- Connecting to BrowserStack using WebSocket protocol...
Mon Oct 07 2024 17:08:15 GMT+0100 (Irish Standard Time) -- Platform supports WebSocket connections.

Mon Oct 07 2024 17:08:15 GMT+0100 (Irish Standard Time) -- Connecting to BrowserStack using WebSocket protocol...
Mon Oct 07 2024 17:08:15 GMT+0100 (Irish Standard Time) -- Platform supports WebSocket connections.

Mon Oct 07 2024 17:08:15 GMT+0100 (Irish Standard Time) -- Connecting to BrowserStack using WebSocket protocol...
Mon Oct 07 2024 17:08:16 GMT+0100 (Irish Standard Time) -- Platform supports WebSocket connections.

Mon Oct 07 2024 17:08:16 GMT+0100 (Irish Standard Time) -- Press Ctrl-C to exit



Mon Oct 07 2024 17:12:23 GMT+0100 (Irish Standard Time) -- Binary semantic version is v8.2.1
Mon Oct 07 2024 17:12:23 GMT+0100 (Irish Standard Time) -- Setting output as extra verbose with request parsing
Mon Oct 07 2024 17:12:25 GMT+0100 (Irish Standard Time) -- [SUCCESS] You can now access your local server(s) in our remote browser

Mon Oct 07 2024 17:12:25 GMT+0100 (Irish Standard Time) -- Connecting to BrowserStack using WebSocket protocol...
Mon Oct 07 2024 17:12:25 GMT+0100 (Irish Standard Time) -- Platform supports WebSocket connections.

Mon Oct 07 2024 17:12:26 GMT+0100 (Irish Standard Time) -- Connecting to BrowserStack using WebSocket protocol...
Mon Oct 07 2024 17:12:26 GMT+0100 (Irish Standard Time) -- Platform supports WebSocket connections.

Mon Oct 07 2024 17:12:27 GMT+0100 (Irish Standard Time) -- Connecting to BrowserStack using WebSocket protocol...
Mon Oct 07 2024 17:12:27 GMT+0100 (Irish Standard Time) -- Platform supports WebSocket connections.

Mon Oct 07 2024 17:12:27 GMT+0100 (Irish Standard Time) -- Connecting to BrowserStack using WebSocket protocol...
Mon Oct 07 2024 17:12:27 GMT+0100 (Irish Standard Time) -- Platform supports WebSocket connections.

Mon Oct 07 2024 17:12:27 GMT+0100 (Irish Standard Time) -- Connecting to BrowserStack using WebSocket protocol...
Mon Oct 07 2024 17:12:27 GMT+0100 (Irish Standard Time) -- Platform supports WebSocket connections.

Mon Oct 07 2024 17:12:28 GMT+0100 (Irish Standard Time) -- Connecting to BrowserStack using WebSocket protocol...
Mon Oct 07 2024 17:12:28 GMT+0100 (Irish Standard Time) -- Platform supports WebSocket connections.

Mon Oct 07 2024 17:12:28 GMT+0100 (Irish Standard Time) -- Press Ctrl-C to exit



Thu Oct 10 2024 16:15:15 GMT+0100 (Irish Standard Time) -- Binary semantic version is v8.2.1
Thu Oct 10 2024 16:15:15 GMT+0100 (Irish Standard Time) -- Setting output as extra verbose with request parsing
Thu Oct 10 2024 16:15:16 GMT+0100 (Irish Standard Time) -- [SUCCESS] You can now access your local server(s) in our remote browser

Thu Oct 10 2024 16:15:16 GMT+0100 (Irish Standard Time) -- Connecting to BrowserStack using WebSocket protocol...
Thu Oct 10 2024 16:15:16 GMT+0100 (Irish Standard Time) -- Platform supports WebSocket connections.

Thu Oct 10 2024 16:15:19 GMT+0100 (Irish Standard Time) -- Connecting to BrowserStack using WebSocket protocol...
Thu Oct 10 2024 16:15:19 GMT+0100 (Irish Standard Time) -- Platform supports WebSocket connections.

Thu Oct 10 2024 16:15:19 GMT+0100 (Irish Standard Time) -- Connecting to BrowserStack using WebSocket protocol...
Thu Oct 10 2024 16:15:19 GMT+0100 (Irish Standard Time) -- Platform supports WebSocket connections.

Thu Oct 10 2024 16:15:19 GMT+0100 (Irish Standard Time) -- Connecting to BrowserStack using WebSocket protocol...
Thu Oct 10 2024 16:15:19 GMT+0100 (Irish Standard Time) -- Platform supports WebSocket connections.

Thu Oct 10 2024 16:15:20 GMT+0100 (Irish Standard Time) -- Connecting to BrowserStack using WebSocket protocol...
Thu Oct 10 2024 16:15:20 GMT+0100 (Irish Standard Time) -- Platform supports WebSocket connections.

Thu Oct 10 2024 16:15:20 GMT+0100 (Irish Standard Time) -- Connecting to BrowserStack using WebSocket protocol...
Thu Oct 10 2024 16:15:20 GMT+0100 (Irish Standard Time) -- Platform supports WebSocket connections.

Thu Oct 10 2024 16:15:20 GMT+0100 (Irish Standard Time) -- Press Ctrl-C to exit



Thu Oct 10 2024 16:17:18 GMT+0100 (Irish Standard Time) -- Binary semantic version is v8.2.1
Thu Oct 10 2024 16:17:18 GMT+0100 (Irish Standard Time) -- Setting output as extra verbose with request parsing
Thu Oct 10 2024 16:17:19 GMT+0100 (Irish Standard Time) -- [SUCCESS] You can now access your local server(s) in our remote browser

Thu Oct 10 2024 16:17:19 GMT+0100 (Irish Standard Time) -- Connecting to BrowserStack using WebSocket protocol...
Thu Oct 10 2024 16:17:19 GMT+0100 (Irish Standard Time) -- Platform supports WebSocket connections.

Thu Oct 10 2024 16:17:22 GMT+0100 (Irish Standard Time) -- Connecting to BrowserStack using WebSocket protocol...
Thu Oct 10 2024 16:17:22 GMT+0100 (Irish Standard Time) -- Platform supports WebSocket connections.

Thu Oct 10 2024 16:17:22 GMT+0100 (Irish Standard Time) -- Connecting to BrowserStack using WebSocket protocol...
Thu Oct 10 2024 16:17:22 GMT+0100 (Irish Standard Time) -- Platform supports WebSocket connections.

Thu Oct 10 2024 16:17:23 GMT+0100 (Irish Standard Time) -- Error in establishing connection.
Thu Oct 10 2024 16:17:23 GMT+0100 (Irish Standard Time) -- ENOTFOUND
Thu Oct 10 2024 16:17:23 GMT+0100 (Irish Standard Time) -- Connecting to BrowserStack using WebSocket protocol...
Thu Oct 10 2024 16:17:23 GMT+0100 (Irish Standard Time) -- Platform supports WebSocket connections.

Thu Oct 10 2024 16:17:23 GMT+0100 (Irish Standard Time) -- Connecting to BrowserStack using WebSocket protocol...
Thu Oct 10 2024 16:17:23 GMT+0100 (Irish Standard Time) -- Platform supports WebSocket connections.

Thu Oct 10 2024 16:17:26 GMT+0100 (Irish Standard Time) -- Connecting to BrowserStack using WebSocket protocol...
Thu Oct 10 2024 16:17:26 GMT+0100 (Irish Standard Time) -- Platform supports WebSocket connections.

Thu Oct 10 2024 16:17:26 GMT+0100 (Irish Standard Time) -- Press Ctrl-C to exit



Thu Oct 10 2024 16:19:44 GMT+0100 (Irish Standard Time) -- Binary semantic version is v8.2.1
Thu Oct 10 2024 16:19:44 GMT+0100 (Irish Standard Time) -- Setting output as extra verbose with request parsing
Thu Oct 10 2024 16:19:45 GMT+0100 (Irish Standard Time) -- [SUCCESS] You can now access your local server(s) in our remote browser

Thu Oct 10 2024 16:19:45 GMT+0100 (Irish Standard Time) -- Connecting to BrowserStack using WebSocket protocol...
Thu Oct 10 2024 16:19:45 GMT+0100 (Irish Standard Time) -- Platform supports WebSocket connections.

Thu Oct 10 2024 16:19:48 GMT+0100 (Irish Standard Time) -- Connecting to BrowserStack using WebSocket protocol...
Thu Oct 10 2024 16:19:48 GMT+0100 (Irish Standard Time) -- Platform supports WebSocket connections.

Thu Oct 10 2024 16:19:48 GMT+0100 (Irish Standard Time) -- Connecting to BrowserStack using WebSocket protocol...
Thu Oct 10 2024 16:19:48 GMT+0100 (Irish Standard Time) -- Platform supports WebSocket connections.

Thu Oct 10 2024 16:19:49 GMT+0100 (Irish Standard Time) -- Connecting to BrowserStack using WebSocket protocol...
Thu Oct 10 2024 16:19:49 GMT+0100 (Irish Standard Time) -- Platform supports WebSocket connections.

Thu Oct 10 2024 16:19:49 GMT+0100 (Irish Standard Time) -- Connecting to BrowserStack using WebSocket protocol...
Thu Oct 10 2024 16:19:49 GMT+0100 (Irish Standard Time) -- Platform supports WebSocket connections.

Thu Oct 10 2024 16:19:49 GMT+0100 (Irish Standard Time) -- Connecting to BrowserStack using WebSocket protocol...
Thu Oct 10 2024 16:19:49 GMT+0100 (Irish Standard Time) -- Platform supports WebSocket connections.

Thu Oct 10 2024 16:19:49 GMT+0100 (Irish Standard Time) -- Press Ctrl-C to exit



Tue Oct 29 2024 10:30:35 GMT+0000 (Greenwich Mean Time) -- Binary semantic version is v8.2.1
Tue Oct 29 2024 10:30:35 GMT+0000 (Greenwich Mean Time) -- Setting output as extra verbose with request parsing
Tue Oct 29 2024 10:30:38 GMT+0000 (Greenwich Mean Time) -- [SUCCESS] You can now access your local server(s) in our remote browser

Tue Oct 29 2024 10:30:38 GMT+0000 (Greenwich Mean Time) -- Connecting to BrowserStack using WebSocket protocol...
Tue Oct 29 2024 10:30:38 GMT+0000 (Greenwich Mean Time) -- Platform supports WebSocket connections.

Tue Oct 29 2024 10:30:50 GMT+0000 (Greenwich Mean Time) -- Connecting to BrowserStack using WebSocket protocol...
Tue Oct 29 2024 10:30:50 GMT+0000 (Greenwich Mean Time) -- Platform supports WebSocket connections.

Tue Oct 29 2024 10:30:50 GMT+0000 (Greenwich Mean Time) -- Connecting to BrowserStack using WebSocket protocol...
Tue Oct 29 2024 10:30:50 GMT+0000 (Greenwich Mean Time) -- Platform supports WebSocket connections.

Tue Oct 29 2024 10:30:50 GMT+0000 (Greenwich Mean Time) -- Connecting to BrowserStack using WebSocket protocol...
Tue Oct 29 2024 10:30:50 GMT+0000 (Greenwich Mean Time) -- Platform supports WebSocket connections.

Tue Oct 29 2024 10:30:50 GMT+0000 (Greenwich Mean Time) -- Connecting to BrowserStack using WebSocket protocol...
Tue Oct 29 2024 10:30:50 GMT+0000 (Greenwich Mean Time) -- Platform supports WebSocket connections.

Tue Oct 29 2024 10:30:50 GMT+0000 (Greenwich Mean Time) -- Connecting to BrowserStack using WebSocket protocol...
Tue Oct 29 2024 10:30:50 GMT+0000 (Greenwich Mean Time) -- Platform supports WebSocket connections.

Tue Oct 29 2024 10:30:50 GMT+0000 (Greenwich Mean Time) -- Press Ctrl-C to exit


